0 info it worked if it ends with ok
1 verbose cli [ 'C:\\Program Files\\nodejs\\node.exe',
1 verbose cli   'C:\\Program Files\\nodejs\\node_modules\\npm\\bin\\npm-cli.js',
1 verbose cli   'run',
1 verbose cli   'dev',
1 verbose cli   '--scripts-prepend-node-path=auto' ]
2 info using npm@3.10.10
3 info using node@v6.9.5
4 verbose run-script [ 'predev', 'dev', 'postdev' ]
5 info lifecycle culturecenter@1.0.0~predev: culturecenter@1.0.0
6 silly lifecycle culturecenter@1.0.0~predev: no script for predev, continuing
7 info lifecycle culturecenter@1.0.0~dev: culturecenter@1.0.0
8 verbose lifecycle culturecenter@1.0.0~dev: unsafe-perm in lifecycle true
9 verbose lifecycle culturecenter@1.0.0~dev: PATH: C:\Program Files\nodejs\node_modules\npm\bin\node-gyp-bin;C:\Users\user\Desktop\cultureCenter\node_modules\.bin;C:\Program Files (x86)\Common Files\Oracle\Java\javapath;C:\ProgramData\Oracle\Java\javapath;C:\Program Files (x86)\Intel\iCLS Client\;C:\Program Files\Intel\iCLS Client\;C:\Windows\system32;C:\Windows;C:\Windows\System32\Wbem;C:\Windows\System32\WindowsPowerShell\v1.0\;C:\Program Files (x86)\Intel\Intel(R) Management Engine Components\DAL;C:\Program Files\Intel\Intel(R) Management Engine Components\DAL;C:\Program Files (x86)\Intel\Intel(R) Management Engine Components\IPT;C:\Program Files\Intel\Intel(R) Management Engine Components\IPT;C:\WINDOWS\system32;C:\WINDOWS;C:\WINDOWS\System32\Wbem;C:\WINDOWS\System32\WindowsPowerShell\v1.0\;C:\Program Files (x86)\Microsoft SQL Server\100\Tools\Binn\;C:\Program Files\Microsoft SQL Server\100\Tools\Binn\;C:\Program Files\Microsoft SQL Server\100\DTS\Binn\;C:\Program Files\nodejs\;C:\Program Files\Git\cmd;C:\Program Files\Intel\WiFi\bin\;C:\Program Files\Common Files\Intel\WirelessCommon\;C:\Program Files\Microsoft SQL Server\130\Tools\Binn\;C:\Program Files\MySQL\MySQL Utilities 1.6\;E:\Geth;E:\Java;E:\Java\JDK;E:\Java\tools;E:\Java\platform-tools;E:\python2.7;E:\python2.7\Scripts;E:\Matlab\bin;C:\Program Files\MongoDB\Server\3.6\bin;E:\SPSS\JRE\bin;E:\vs\Tools\WinNT;E:\vs\MSDev98\Bin;E:\vs\Tools;E:\Microsoft Visual Studio\VC98\bin;C:\Ruby22-x64\bin;C:\Users\user\AppData\Local\Microsoft\WindowsApps;C:\Users\user\AppData\Roaming\npm;E:\AppServ\Apache24\bin;E:\AppServ\php5;E:\AppServ\MySQL\bin;C:\Users\user\AppData\Local\Programs\Fiddler;%USERPROFILE%\AppData\Local\Microsoft\WindowsApps;
10 verbose lifecycle culturecenter@1.0.0~dev: CWD: C:\Users\user\Desktop\cultureCenter
11 silly lifecycle culturecenter@1.0.0~dev: Args: [ '/d /s /c',
11 silly lifecycle   'webpack-dev-server --env development --config build/webpack.common.conf.js' ]
12 silly lifecycle culturecenter@1.0.0~dev: Returned: code: 1  signal: null
13 info lifecycle culturecenter@1.0.0~dev: Failed to exec dev script
14 verbose stack Error: culturecenter@1.0.0 dev: `webpack-dev-server --env development --config build/webpack.common.conf.js`
14 verbose stack Exit status 1
14 verbose stack     at EventEmitter.<anonymous> (C:\Program Files\nodejs\node_modules\npm\lib\utils\lifecycle.js:255:16)
14 verbose stack     at emitTwo (events.js:106:13)
14 verbose stack     at EventEmitter.emit (events.js:191:7)
14 verbose stack     at ChildProcess.<anonymous> (C:\Program Files\nodejs\node_modules\npm\lib\utils\spawn.js:40:14)
14 verbose stack     at emitTwo (events.js:106:13)
14 verbose stack     at ChildProcess.emit (events.js:191:7)
14 verbose stack     at maybeClose (internal/child_process.js:877:16)
14 verbose stack     at Process.ChildProcess._handle.onexit (internal/child_process.js:226:5)
15 verbose pkgid culturecenter@1.0.0
16 verbose cwd C:\Users\user\Desktop\cultureCenter
17 error Windows_NT 10.0.16299
18 error argv "C:\\Program Files\\nodejs\\node.exe" "C:\\Program Files\\nodejs\\node_modules\\npm\\bin\\npm-cli.js" "run" "dev" "--scripts-prepend-node-path=auto"
19 error node v6.9.5
20 error npm  v3.10.10
21 error code ELIFECYCLE
22 error culturecenter@1.0.0 dev: `webpack-dev-server --env development --config build/webpack.common.conf.js`
22 error Exit status 1
23 error Failed at the culturecenter@1.0.0 dev script 'webpack-dev-server --env development --config build/webpack.common.conf.js'.
23 error Make sure you have the latest version of node.js and npm installed.
23 error If you do, this is most likely a problem with the culturecenter package,
23 error not with npm itself.
23 error Tell the author that this fails on your system:
23 error     webpack-dev-server --env development --config build/webpack.common.conf.js
23 error You can get information on how to open an issue for this project with:
23 error     npm bugs culturecenter
23 error Or if that isn't available, you can get their info via:
23 error     npm owner ls culturecenter
23 error There is likely additional logging output above.
24 verbose exit [ 1, true ]
